# JRE version: OpenJDK Runtime Environment (19.0.2+7) (build 19.0.2+7-44)
# Java VM: OpenJDK 64-Bit Server VM (19.0.2+7-44, mixed mode, sharing, tiered, compressed oops, compressed class ptrs, g1 gc, windows-amd64)
GC Precious Log:
 CardTable entry size: 512
 Card Set container configuration: InlinePtr #cards 4 size 8 Array Of Cards #cards 16 size 48 Howl #buckets 8 coarsen threshold 3686 Howl Bitmap #cards 512 size 80 coarsen threshold 460 Card regions per heap region 1 cards per card region 4096
 CPUs: 16 total, 16 available
 Memory: 16315M
 Large Page Support: Disabled
 NUMA Support: Disabled
 Compressed Oops: Enabled (Zero based)
 Heap Region Size: 2M
 Heap Min Capacity: 8M
 Heap Initial Capacity: 256M
 Heap Max Capacity: 4080M
 Pre-touch: Disabled
 Parallel Workers: 13
 Concurrent Workers: 3
 Concurrent Refinement Workers: 13
 Periodic GC: Disabled
Heap:
 garbage-first heap   total 96256K, used 47118K [0x0000000701000000, 0x0000000800000000)
  region size 2048K, 16 young (32768K), 4 survivors (8192K)
 Metaspace       used 63390K, committed 63936K, reserved 1114112K
  class space    used 7723K, committed 8000K, reserved 1048576K
GC Heap History (18 events):
Event: 0.576 GC heap before
{Heap before GC invocations=0 (full 0):
 garbage-first heap   total 262144K, used 20480K [0x0000000701000000, 0x0000000800000000)
  region size 2048K, 11 young (22528K), 0 survivors (0K)
 Metaspace       used 6150K, committed 6336K, reserved 1114112K
  class space    used 699K, committed 768K, reserved 1048576K
}
Event: 0.579 GC heap after
{Heap after GC invocations=1 (full 0):
 garbage-first heap   total 262144K, used 6796K [0x0000000701000000, 0x0000000800000000)
  region size 2048K, 2 young (4096K), 2 survivors (4096K)
 Metaspace       used 6150K, committed 6336K, reserved 1114112K
  class space    used 699K, committed 768K, reserved 1048576K
}
Event: 0.961 GC heap before
{Heap before GC invocations=1 (full 0):
 garbage-first heap   total 262144K, used 29324K [0x0000000701000000, 0x0000000800000000)
  region size 2048K, 14 young (28672K), 2 survivors (4096K)
 Metaspace       used 11852K, committed 12096K, reserved 1114112K
  class space    used 1385K, committed 1536K, reserved 1048576K
}
Event: 0.964 GC heap after
{Heap after GC invocations=2 (full 0):
 garbage-first heap   total 262144K, used 9530K [0x0000000701000000, 0x0000000800000000)
  region size 2048K, 2 young (4096K), 2 survivors (4096K)
 Metaspace       used 11852K, committed 12096K, reserved 1114112K
  class space    used 1385K, committed 1536K, reserved 1048576K
}
Event: 1.910 GC heap before
{Heap before GC invocations=2 (full 0):
 garbage-first heap   total 262144K, used 54586K [0x0000000701000000, 0x0000000800000000)
  region size 2048K, 25 young (51200K), 2 survivors (4096K)
 Metaspace       used 21144K, committed 21504K, reserved 1114112K
  class space    used 2622K, committed 2816K, reserved 1048576K
}
Event: 1.918 GC heap after
{Heap after GC invocations=3 (full 0):
 garbage-first heap   total 262144K, used 12797K [0x0000000701000000, 0x0000000800000000)
  region size 2048K, 3 young (6144K), 3 survivors (6144K)
 Metaspace       used 21144K, committed 21504K, reserved 1114112K
  class space    used 2622K, committed 2816K, reserved 1048576K
}
Event: 2.392 GC heap before
{Heap before GC invocations=4 (full 0):
 garbage-first heap   total 55296K, used 39421K [0x0000000701000000, 0x0000000800000000)
  region size 2048K, 16 young (32768K), 3 survivors (6144K)
 Metaspace       used 32506K, committed 32960K, reserved 1114112K
  class space    used 3970K, committed 4160K, reserved 1048576K
}
Event: 2.398 GC heap after
{Heap after GC invocations=5 (full 0):
 garbage-first heap   total 55296K, used 15808K [0x0000000701000000, 0x0000000800000000)
  region size 2048K, 2 young (4096K), 2 survivors (4096K)
 Metaspace       used 32506K, committed 32960K, reserved 1114112K
  class space    used 3970K, committed 4160K, reserved 1048576K
}
Event: 2.429 GC heap before
{Heap before GC invocations=5 (full 0):
 garbage-first heap   total 55296K, used 17856K [0x0000000701000000, 0x0000000800000000)
  region size 2048K, 3 young (6144K), 2 survivors (4096K)
 Metaspace       used 32976K, committed 33408K, reserved 1114112K
  class space    used 4029K, committed 4224K, reserved 1048576K
}
Event: 2.432 GC heap after
{Heap after GC invocations=6 (full 0):
 garbage-first heap   total 55296K, used 16859K [0x0000000701000000, 0x0000000800000000)
  region size 2048K, 1 young (2048K), 1 survivors (2048K)
 Metaspace       used 32976K, committed 33408K, reserved 1114112K
  class space    used 4029K, committed 4224K, reserved 1048576K
}
Event: 2.591 GC heap before
{Heap before GC invocations=6 (full 0):
 garbage-first heap   total 55296K, used 25051K [0x0000000701000000, 0x0000000800000000)
  region size 2048K, 7 young (14336K), 1 survivors (2048K)
 Metaspace       used 35615K, committed 35968K, reserved 1114112K
  class space    used 4294K, committed 4480K, reserved 1048576K
}
Event: 2.593 GC heap after
{Heap after GC invocations=7 (full 0):
 garbage-first heap   total 55296K, used 17158K [0x0000000701000000, 0x0000000800000000)
  region size 2048K, 1 young (2048K), 1 survivors (2048K)
 Metaspace       used 35615K, committed 35968K, reserved 1114112K
  class space    used 4294K, committed 4480K, reserved 1048576K
}
Event: 2.913 GC heap before
{Heap before GC invocations=8 (full 0):
 garbage-first heap   total 55296K, used 35590K [0x0000000701000000, 0x0000000800000000)
  region size 2048K, 11 young (22528K), 1 survivors (2048K)
 Metaspace       used 41191K, committed 41664K, reserved 1114112K
  class space    used 5071K, committed 5312K, reserved 1048576K
}
Event: 2.916 GC heap after
{Heap after GC invocations=9 (full 0):
 garbage-first heap   total 55296K, used 18396K [0x0000000701000000, 0x0000000800000000)
  region size 2048K, 2 young (4096K), 2 survivors (4096K)
 Metaspace       used 41191K, committed 41664K, reserved 1114112K
  class space    used 5071K, committed 5312K, reserved 1048576K
}
Event: 2.985 GC heap before
{Heap before GC invocations=9 (full 0):
 garbage-first heap   total 55296K, used 20444K [0x0000000701000000, 0x0000000800000000)
  region size 2048K, 3 young (6144K), 2 survivors (4096K)
 Metaspace       used 41810K, committed 42240K, reserved 1114112K
  class space    used 5162K, committed 5376K, reserved 1048576K
}
Event: 2.997 GC heap after
{Heap after GC invocations=10 (full 0):
 garbage-first heap   total 159744K, used 17904K [0x0000000701000000, 0x0000000800000000)
  region size 2048K, 1 young (2048K), 1 survivors (2048K)
 Metaspace       used 41810K, committed 42240K, reserved 1114112K
  class space    used 5162K, committed 5376K, reserved 1048576K
}
Event: 13.938 GC heap before
{Heap before GC invocations=10 (full 0):
 garbage-first heap   total 159744K, used 97776K [0x0000000701000000, 0x0000000800000000)
  region size 2048K, 42 young (86016K), 1 survivors (2048K)
 Metaspace       used 60000K, committed 60480K, reserved 1114112K
  class space    used 7347K, committed 7552K, reserved 1048576K
}
Event: 13.943 GC heap after
{Heap after GC invocations=11 (full 0):
 garbage-first heap   total 159744K, used 24590K [0x0000000701000000, 0x0000000800000000)
  region size 2048K, 4 young (8192K), 4 survivors (8192K)
 Metaspace       used 60000K, committed 60480K, reserved 1114112K
  class space    used 7347K, committed 7552K, reserved 1048576K
}

