# JRE version: OpenJDK Runtime Environment (19.0.2+7) (build 19.0.2+7-44)
# Java VM: OpenJDK 64-Bit Server VM (19.0.2+7-44, mixed mode, sharing, tiered, compressed oops, compressed class ptrs, g1 gc, windows-amd64)
GC Precious Log:
 CardTable entry size: 512
 Card Set container configuration: InlinePtr #cards 4 size 8 Array Of Cards #cards 16 size 48 Howl #buckets 8 coarsen threshold 3686 Howl Bitmap #cards 512 size 80 coarsen threshold 460 Card regions per heap region 1 cards per card region 4096
 CPUs: 16 total, 16 available
 Memory: 16315M
 Large Page Support: Disabled
 NUMA Support: Disabled
 Compressed Oops: Enabled (Zero based)
 Heap Region Size: 2M
 Heap Min Capacity: 8M
 Heap Initial Capacity: 256M
 Heap Max Capacity: 4080M
 Pre-touch: Disabled
 Parallel Workers: 13
 Concurrent Workers: 3
 Concurrent Refinement Workers: 13
 Periodic GC: Disabled
Heap:
 garbage-first heap   total 212992K, used 146612K [0x0000000701000000, 0x0000000800000000)
  region size 2048K, 47 young (96256K), 1 survivors (2048K)
 Metaspace       used 75751K, committed 76352K, reserved 1179648K
  class space    used 8925K, committed 9216K, reserved 1048576K
GC Heap History (20 events):
Event: 25.045 GC heap before
{Heap before GC invocations=35 (full 0):
 garbage-first heap   total 212992K, used 177275K [0x0000000701000000, 0x0000000800000000)
  region size 2048K, 62 young (126976K), 2 survivors (4096K)
 Metaspace       used 75687K, committed 76352K, reserved 1179648K
  class space    used 8920K, committed 9216K, reserved 1048576K
}
Event: 25.047 GC heap after
{Heap after GC invocations=36 (full 0):
 garbage-first heap   total 212992K, used 50220K [0x0000000701000000, 0x0000000800000000)
  region size 2048K, 1 young (2048K), 1 survivors (2048K)
 Metaspace       used 75687K, committed 76352K, reserved 1179648K
  class space    used 8920K, committed 9216K, reserved 1048576K
}
Event: 25.973 GC heap before
{Heap before GC invocations=36 (full 0):
 garbage-first heap   total 212992K, used 179244K [0x0000000701000000, 0x0000000800000000)
  region size 2048K, 62 young (126976K), 1 survivors (2048K)
 Metaspace       used 75700K, committed 76352K, reserved 1179648K
  class space    used 8923K, committed 9216K, reserved 1048576K
}
Event: 25.975 GC heap after
{Heap after GC invocations=37 (full 0):
 garbage-first heap   total 212992K, used 48528K [0x0000000701000000, 0x0000000800000000)
  region size 2048K, 2 young (4096K), 2 survivors (4096K)
 Metaspace       used 75700K, committed 76352K, reserved 1179648K
  class space    used 8923K, committed 9216K, reserved 1048576K
}
Event: 26.651 GC heap before
{Heap before GC invocations=37 (full 0):
 garbage-first heap   total 212992K, used 175504K [0x0000000701000000, 0x0000000800000000)
  region size 2048K, 62 young (126976K), 2 survivors (4096K)
 Metaspace       used 75701K, committed 76352K, reserved 1179648K
  class space    used 8923K, committed 9216K, reserved 1048576K
}
Event: 26.652 GC heap after
{Heap after GC invocations=38 (full 0):
 garbage-first heap   total 212992K, used 50688K [0x0000000701000000, 0x0000000800000000)
  region size 2048K, 2 young (4096K), 2 survivors (4096K)
 Metaspace       used 75701K, committed 76352K, reserved 1179648K
  class space    used 8923K, committed 9216K, reserved 1048576K
}
Event: 27.248 GC heap before
{Heap before GC invocations=38 (full 0):
 garbage-first heap   total 212992K, used 179712K [0x0000000701000000, 0x0000000800000000)
  region size 2048K, 62 young (126976K), 2 survivors (4096K)
 Metaspace       used 75705K, committed 76352K, reserved 1179648K
  class space    used 8924K, committed 9216K, reserved 1048576K
}
Event: 27.249 GC heap after
{Heap after GC invocations=39 (full 0):
 garbage-first heap   total 212992K, used 52300K [0x0000000701000000, 0x0000000800000000)
  region size 2048K, 1 young (2048K), 1 survivors (2048K)
 Metaspace       used 75705K, committed 76352K, reserved 1179648K
  class space    used 8924K, committed 9216K, reserved 1048576K
}
Event: 28.678 GC heap before
{Heap before GC invocations=39 (full 0):
 garbage-first heap   total 212992K, used 181324K [0x0000000701000000, 0x0000000800000000)
  region size 2048K, 62 young (126976K), 1 survivors (2048K)
 Metaspace       used 75737K, committed 76352K, reserved 1179648K
  class space    used 8924K, committed 9216K, reserved 1048576K
}
Event: 28.681 GC heap after
{Heap after GC invocations=40 (full 0):
 garbage-first heap   total 212992K, used 52355K [0x0000000701000000, 0x0000000800000000)
  region size 2048K, 1 young (2048K), 1 survivors (2048K)
 Metaspace       used 75737K, committed 76352K, reserved 1179648K
  class space    used 8924K, committed 9216K, reserved 1048576K
}
Event: 29.972 GC heap before
{Heap before GC invocations=40 (full 0):
 garbage-first heap   total 212992K, used 179331K [0x0000000701000000, 0x0000000800000000)
  region size 2048K, 62 young (126976K), 1 survivors (2048K)
 Metaspace       used 75738K, committed 76352K, reserved 1179648K
  class space    used 8924K, committed 9216K, reserved 1048576K
}
Event: 29.974 GC heap after
{Heap after GC invocations=41 (full 0):
 garbage-first heap   total 212992K, used 50731K [0x0000000701000000, 0x0000000800000000)
  region size 2048K, 2 young (4096K), 2 survivors (4096K)
 Metaspace       used 75738K, committed 76352K, reserved 1179648K
  class space    used 8924K, committed 9216K, reserved 1048576K
}
Event: 31.158 GC heap before
{Heap before GC invocations=41 (full 0):
 garbage-first heap   total 212992K, used 177707K [0x0000000701000000, 0x0000000800000000)
  region size 2048K, 62 young (126976K), 2 survivors (4096K)
 Metaspace       used 75739K, committed 76352K, reserved 1179648K
  class space    used 8924K, committed 9216K, reserved 1048576K
}
Event: 31.160 GC heap after
{Heap after GC invocations=42 (full 0):
 garbage-first heap   total 212992K, used 50767K [0x0000000701000000, 0x0000000800000000)
  region size 2048K, 2 young (4096K), 2 survivors (4096K)
 Metaspace       used 75739K, committed 76352K, reserved 1179648K
  class space    used 8924K, committed 9216K, reserved 1048576K
}
Event: 32.282 GC heap before
{Heap before GC invocations=42 (full 0):
 garbage-first heap   total 212992K, used 175695K [0x0000000701000000, 0x0000000800000000)
  region size 2048K, 62 young (126976K), 2 survivors (4096K)
 Metaspace       used 75740K, committed 76352K, reserved 1179648K
  class space    used 8924K, committed 9216K, reserved 1048576K
}
Event: 32.283 GC heap after
{Heap after GC invocations=43 (full 0):
 garbage-first heap   total 212992K, used 48814K [0x0000000701000000, 0x0000000800000000)
  region size 2048K, 2 young (4096K), 2 survivors (4096K)
 Metaspace       used 75740K, committed 76352K, reserved 1179648K
  class space    used 8924K, committed 9216K, reserved 1048576K
}
Event: 33.334 GC heap before
{Heap before GC invocations=43 (full 0):
 garbage-first heap   total 212992K, used 175790K [0x0000000701000000, 0x0000000800000000)
  region size 2048K, 62 young (126976K), 2 survivors (4096K)
 Metaspace       used 75740K, committed 76352K, reserved 1179648K
  class space    used 8924K, committed 9216K, reserved 1048576K
}
Event: 33.335 GC heap after
{Heap after GC invocations=44 (full 0):
 garbage-first heap   total 212992K, used 48769K [0x0000000701000000, 0x0000000800000000)
  region size 2048K, 2 young (4096K), 2 survivors (4096K)
 Metaspace       used 75740K, committed 76352K, reserved 1179648K
  class space    used 8924K, committed 9216K, reserved 1048576K
}
Event: 34.399 GC heap before
{Heap before GC invocations=44 (full 0):
 garbage-first heap   total 212992K, used 175745K [0x0000000701000000, 0x0000000800000000)
  region size 2048K, 62 young (126976K), 2 survivors (4096K)
 Metaspace       used 75741K, committed 76352K, reserved 1179648K
  class space    used 8924K, committed 9216K, reserved 1048576K
}
Event: 34.400 GC heap after
{Heap after GC invocations=45 (full 0):
 garbage-first heap   total 212992K, used 52404K [0x0000000701000000, 0x0000000800000000)
  region size 2048K, 1 young (2048K), 1 survivors (2048K)
 Metaspace       used 75741K, committed 76352K, reserved 1179648K
  class space    used 8924K, committed 9216K, reserved 1048576K
}

