# JRE version: OpenJDK Runtime Environment (19.0.2+7) (build 19.0.2+7-44)
# Java VM: OpenJDK 64-Bit Server VM (19.0.2+7-44, mixed mode, sharing, tiered, compressed oops, compressed class ptrs, g1 gc, windows-amd64)
GC Precious Log:
 CardTable entry size: 512
 Card Set container configuration: InlinePtr #cards 4 size 8 Array Of Cards #cards 16 size 48 Howl #buckets 8 coarsen threshold 3686 Howl Bitmap #cards 512 size 80 coarsen threshold 460 Card regions per heap region 1 cards per card region 4096
 CPUs: 16 total, 16 available
 Memory: 16315M
 Large Page Support: Disabled
 NUMA Support: Disabled
 Compressed Oops: Enabled (Zero based)
 Heap Region Size: 2M
 Heap Min Capacity: 8M
 Heap Initial Capacity: 256M
 Heap Max Capacity: 4080M
 Pre-touch: Disabled
 Parallel Workers: 13
 Concurrent Workers: 3
 Concurrent Refinement Workers: 13
 Periodic GC: Disabled
Heap:
 garbage-first heap   total 96256K, used 52950K [0x0000000701000000, 0x0000000800000000)
  region size 2048K, 17 young (34816K), 2 survivors (4096K)
 Metaspace       used 63720K, committed 64320K, reserved 1114112K
  class space    used 7741K, committed 8064K, reserved 1048576K
GC Heap History (20 events):
Event: 0.933 GC heap before
{Heap before GC invocations=1 (full 0):
 garbage-first heap   total 262144K, used 29023K [0x0000000701000000, 0x0000000800000000)
  region size 2048K, 14 young (28672K), 2 survivors (4096K)
 Metaspace       used 11870K, committed 12160K, reserved 1114112K
  class space    used 1386K, committed 1536K, reserved 1048576K
}
Event: 0.938 GC heap after
{Heap after GC invocations=2 (full 0):
 garbage-first heap   total 262144K, used 9165K [0x0000000701000000, 0x0000000800000000)
  region size 2048K, 2 young (4096K), 2 survivors (4096K)
 Metaspace       used 11870K, committed 12160K, reserved 1114112K
  class space    used 1386K, committed 1536K, reserved 1048576K
}
Event: 1.752 GC heap before
{Heap before GC invocations=2 (full 0):
 garbage-first heap   total 262144K, used 52173K [0x0000000701000000, 0x0000000800000000)
  region size 2048K, 25 young (51200K), 2 survivors (4096K)
 Metaspace       used 21136K, committed 21504K, reserved 1114112K
  class space    used 2623K, committed 2816K, reserved 1048576K
}
Event: 1.756 GC heap after
{Heap after GC invocations=3 (full 0):
 garbage-first heap   total 262144K, used 12206K [0x0000000701000000, 0x0000000800000000)
  region size 2048K, 3 young (6144K), 3 survivors (6144K)
 Metaspace       used 21136K, committed 21504K, reserved 1114112K
  class space    used 2623K, committed 2816K, reserved 1048576K
}
Event: 2.246 GC heap before
{Heap before GC invocations=4 (full 0):
 garbage-first heap   total 55296K, used 38830K [0x0000000701000000, 0x0000000800000000)
  region size 2048K, 16 young (32768K), 3 survivors (6144K)
 Metaspace       used 32986K, committed 33408K, reserved 1114112K
  class space    used 4035K, committed 4224K, reserved 1048576K
}
Event: 2.255 GC heap after
{Heap after GC invocations=5 (full 0):
 garbage-first heap   total 55296K, used 15791K [0x0000000701000000, 0x0000000800000000)
  region size 2048K, 2 young (4096K), 2 survivors (4096K)
 Metaspace       used 32986K, committed 33408K, reserved 1114112K
  class space    used 4035K, committed 4224K, reserved 1048576K
}
Event: 2.279 GC heap before
{Heap before GC invocations=5 (full 0):
 garbage-first heap   total 55296K, used 17839K [0x0000000701000000, 0x0000000800000000)
  region size 2048K, 3 young (6144K), 2 survivors (4096K)
 Metaspace       used 33459K, committed 33856K, reserved 1114112K
  class space    used 4101K, committed 4288K, reserved 1048576K
}
Event: 2.283 GC heap after
{Heap after GC invocations=6 (full 0):
 garbage-first heap   total 55296K, used 16375K [0x0000000701000000, 0x0000000800000000)
  region size 2048K, 1 young (2048K), 1 survivors (2048K)
 Metaspace       used 33459K, committed 33856K, reserved 1114112K
  class space    used 4101K, committed 4288K, reserved 1048576K
}
Event: 2.374 GC heap before
{Heap before GC invocations=6 (full 0):
 garbage-first heap   total 55296K, used 20471K [0x0000000701000000, 0x0000000800000000)
  region size 2048K, 5 young (10240K), 1 survivors (2048K)
 Metaspace       used 35580K, committed 35968K, reserved 1114112K
  class space    used 4295K, committed 4480K, reserved 1048576K
}
Event: 2.376 GC heap after
{Heap after GC invocations=7 (full 0):
 garbage-first heap   total 159744K, used 16421K [0x0000000701000000, 0x0000000800000000)
  region size 2048K, 1 young (2048K), 1 survivors (2048K)
 Metaspace       used 35580K, committed 35968K, reserved 1114112K
  class space    used 4295K, committed 4480K, reserved 1048576K
}
Event: 3.037 GC heap before
{Heap before GC invocations=8 (full 0):
 garbage-first heap   total 69632K, used 55333K [0x0000000701000000, 0x0000000800000000)
  region size 2048K, 20 young (40960K), 1 survivors (2048K)
 Metaspace       used 45700K, committed 46144K, reserved 1114112K
  class space    used 5733K, committed 5952K, reserved 1048576K
}
Event: 3.043 GC heap after
{Heap after GC invocations=9 (full 0):
 garbage-first heap   total 69632K, used 19633K [0x0000000701000000, 0x0000000800000000)
  region size 2048K, 2 young (4096K), 2 survivors (4096K)
 Metaspace       used 45700K, committed 46144K, reserved 1114112K
  class space    used 5733K, committed 5952K, reserved 1048576K
}
Event: 3.073 GC heap before
{Heap before GC invocations=9 (full 0):
 garbage-first heap   total 69632K, used 21681K [0x0000000701000000, 0x0000000800000000)
  region size 2048K, 3 young (6144K), 2 survivors (4096K)
 Metaspace       used 46145K, committed 46592K, reserved 1114112K
  class space    used 5796K, committed 6016K, reserved 1048576K
}
Event: 3.079 GC heap after
{Heap after GC invocations=10 (full 0):
 garbage-first heap   total 69632K, used 19531K [0x0000000701000000, 0x0000000800000000)
  region size 2048K, 1 young (2048K), 1 survivors (2048K)
 Metaspace       used 46145K, committed 46592K, reserved 1114112K
  class space    used 5796K, committed 6016K, reserved 1048576K
}
Event: 3.513 GC heap before
{Heap before GC invocations=10 (full 0):
 garbage-first heap   total 69632K, used 46155K [0x0000000701000000, 0x0000000800000000)
  region size 2048K, 14 young (28672K), 1 survivors (2048K)
 Metaspace       used 49555K, committed 50048K, reserved 1114112K
  class space    used 6295K, committed 6528K, reserved 1048576K
}
Event: 3.519 GC heap after
{Heap after GC invocations=11 (full 0):
 garbage-first heap   total 69632K, used 21959K [0x0000000701000000, 0x0000000800000000)
  region size 2048K, 2 young (4096K), 2 survivors (4096K)
 Metaspace       used 49555K, committed 50048K, reserved 1114112K
  class space    used 6295K, committed 6528K, reserved 1048576K
}
Event: 3.895 GC heap before
{Heap before GC invocations=11 (full 0):
 garbage-first heap   total 69632K, used 46535K [0x0000000701000000, 0x0000000800000000)
  region size 2048K, 15 young (30720K), 2 survivors (4096K)
 Metaspace       used 58078K, committed 58560K, reserved 1114112K
  class space    used 7025K, committed 7232K, reserved 1048576K
}
Event: 3.899 GC heap after
{Heap after GC invocations=12 (full 0):
 garbage-first heap   total 69632K, used 23865K [0x0000000701000000, 0x0000000800000000)
  region size 2048K, 2 young (4096K), 2 survivors (4096K)
 Metaspace       used 58078K, committed 58560K, reserved 1114112K
  class space    used 7025K, committed 7232K, reserved 1048576K
}
Event: 4.027 GC heap before
{Heap before GC invocations=12 (full 0):
 garbage-first heap   total 69632K, used 30009K [0x0000000701000000, 0x0000000800000000)
  region size 2048K, 6 young (12288K), 2 survivors (4096K)
 Metaspace       used 59917K, committed 60416K, reserved 1114112K
  class space    used 7348K, committed 7552K, reserved 1048576K
}
Event: 4.030 GC heap after
{Heap after GC invocations=13 (full 0):
 garbage-first heap   total 108544K, used 24278K [0x0000000701000000, 0x0000000800000000)
  region size 2048K, 2 young (4096K), 2 survivors (4096K)
 Metaspace       used 59917K, committed 60416K, reserved 1114112K
  class space    used 7348K, committed 7552K, reserved 1048576K
}

